c:\dev\githubprojects\gameengines\xsgameengine-ref\xsgameengine[referenceproject]\xsgameengine-ref\x64\release\main.obj
c:\dev\githubprojects\gameengines\xsgameengine-ref\xsgameengine[referenceproject]\xsgameengine-ref\x64\release\vulkan_texture.obj
c:\dev\githubprojects\gameengines\xsgameengine-ref\xsgameengine[referenceproject]\xsgameengine-ref\x64\release\vulkan_meshmodel.obj
c:\dev\githubprojects\gameengines\xsgameengine-ref\xsgameengine[referenceproject]\xsgameengine-ref\x64\release\camera.obj
c:\dev\githubprojects\gameengines\xsgameengine-ref\xsgameengine[referenceproject]\xsgameengine-ref\x64\release\shaders.obj
c:\dev\githubprojects\gameengines\xsgameengine-ref\xsgameengine[referenceproject]\xsgameengine-ref\x64\release\vulkan_renderer.obj
c:\dev\githubprojects\gameengines\xsgameengine-ref\xsgameengine[referenceproject]\xsgameengine-ref\x64\release\imgui.obj
c:\dev\githubprojects\gameengines\xsgameengine-ref\xsgameengine[referenceproject]\xsgameengine-ref\x64\release\opengl_assets.obj
c:\dev\githubprojects\gameengines\xsgameengine-ref\xsgameengine[referenceproject]\xsgameengine-ref\x64\release\vulkan_assets.obj
c:\dev\githubprojects\gameengines\xsgameengine-ref\xsgameengine[referenceproject]\xsgameengine-ref\x64\release\light.obj
c:\dev\githubprojects\gameengines\xsgameengine-ref\xsgameengine[referenceproject]\xsgameengine-ref\x64\release\imgui_draw.obj
c:\dev\githubprojects\gameengines\xsgameengine-ref\xsgameengine[referenceproject]\xsgameengine-ref\x64\release\vulkan_mesh.obj
c:\dev\githubprojects\gameengines\xsgameengine-ref\xsgameengine[referenceproject]\xsgameengine-ref\x64\release\opengl_meshmodel.obj
c:\dev\githubprojects\gameengines\xsgameengine-ref\xsgameengine[referenceproject]\xsgameengine-ref\x64\release\entity.obj
c:\dev\githubprojects\gameengines\xsgameengine-ref\xsgameengine[referenceproject]\xsgameengine-ref\x64\release\gui_renderer.obj
c:\dev\githubprojects\gameengines\xsgameengine-ref\xsgameengine[referenceproject]\xsgameengine-ref\x64\release\opengl_texture.obj
c:\dev\githubprojects\gameengines\xsgameengine-ref\xsgameengine[referenceproject]\xsgameengine-ref\x64\release\imgui_impl_opengl3.obj
c:\dev\githubprojects\gameengines\xsgameengine-ref\xsgameengine[referenceproject]\xsgameengine-ref\x64\release\imgui_demo.obj
c:\dev\githubprojects\gameengines\xsgameengine-ref\xsgameengine[referenceproject]\xsgameengine-ref\x64\release\imgui_impl_vulkan.obj
c:\dev\githubprojects\gameengines\xsgameengine-ref\xsgameengine[referenceproject]\xsgameengine-ref\x64\release\opengl_renderer.obj
c:\dev\githubprojects\gameengines\xsgameengine-ref\xsgameengine[referenceproject]\xsgameengine-ref\x64\release\glfw_window.obj
c:\dev\githubprojects\gameengines\xsgameengine-ref\xsgameengine[referenceproject]\xsgameengine-ref\x64\release\material.obj
c:\dev\githubprojects\gameengines\xsgameengine-ref\xsgameengine[referenceproject]\xsgameengine-ref\x64\release\imgui_tables.obj
c:\dev\githubprojects\gameengines\xsgameengine-ref\xsgameengine[referenceproject]\xsgameengine-ref\x64\release\opengl_mesh.obj
c:\dev\githubprojects\gameengines\xsgameengine-ref\xsgameengine[referenceproject]\xsgameengine-ref\x64\release\imgui_widgets.obj
c:\dev\githubprojects\gameengines\xsgameengine-ref\xsgameengine[referenceproject]\xsgameengine-ref\x64\release\time.obj
c:\dev\githubprojects\gameengines\xsgameengine-ref\xsgameengine[referenceproject]\xsgameengine-ref\x64\release\imgui_impl_glfw.obj
c:\dev\githubprojects\gameengines\xsgameengine-ref\xsgameengine[referenceproject]\xsgameengine-ref\x64\release\directionallight.obj
c:\dev\githubprojects\gameengines\xsgameengine-ref\xsgameengine[referenceproject]\xsgameengine-ref\x64\release\vc142.pdb
c:\dev\githubprojects\gameengines\xsgameengine-ref\xsgameengine[referenceproject]\xsgameengine-ref\x64\release\glad.obj
c:\dev\githubprojects\gameengines\xsgameengine-ref\xsgameengine[referenceproject]\xsgameengine-ref\x64\release\xsgameen.3dc9ba24.tlog\cl.command.1.tlog
c:\dev\githubprojects\gameengines\xsgameengine-ref\xsgameengine[referenceproject]\xsgameengine-ref\x64\release\xsgameen.3dc9ba24.tlog\cl.read.1.tlog
c:\dev\githubprojects\gameengines\xsgameengine-ref\xsgameengine[referenceproject]\xsgameengine-ref\x64\release\xsgameen.3dc9ba24.tlog\cl.write.1.tlog
c:\dev\githubprojects\gameengines\xsgameengine-ref\xsgameengine[referenceproject]\xsgameengine-ref\x64\release\xsgameen.3dc9ba24.tlog\link.command.1.tlog
c:\dev\githubprojects\gameengines\xsgameengine-ref\xsgameengine[referenceproject]\xsgameengine-ref\x64\release\xsgameen.3dc9ba24.tlog\link.read.1.tlog
c:\dev\githubprojects\gameengines\xsgameengine-ref\xsgameengine[referenceproject]\xsgameengine-ref\x64\release\xsgameen.3dc9ba24.tlog\link.write.1.tlog
